  Camera.cpp
  Frustum.cpp
  HeightMap.cpp
  MD5Anim.cpp
  MD5FileData.cpp
  MD5Mesh.cpp
  MD5Node.cpp
  Mesh.cpp
C:\Users\b8057567\ProjectsGit\Download\nclgl\Mesh.cpp(92,20): warning C4018:  '<': signed/unsigned mismatch
C:\Users\b8057567\ProjectsGit\Download\nclgl\Mesh.cpp(104,20): warning C4018:  '<': signed/unsigned mismatch
C:\Users\b8057567\ProjectsGit\Download\nclgl\Mesh.cpp(129,8): warning C4244:  'initializing': conversion from 'double' to 'int', possible loss of data
C:\Users\b8057567\ProjectsGit\Download\nclgl\Mesh.cpp(130,20): warning C4018:  '<': signed/unsigned mismatch
C:\Users\b8057567\ProjectsGit\Download\nclgl\Mesh.cpp(147,12): warning C4244:  'initializing': conversion from 'double' to 'float', possible loss of data
C:\Users\b8057567\ProjectsGit\Download\nclgl\Mesh.cpp(148,12): warning C4244:  'initializing': conversion from 'double' to 'float', possible loss of data
  OBJMesh.cpp
  OGLRenderer.cpp
  SceneNode.cpp
  Shader.cpp
  Window.cpp
  Generating Code...
C:\Users\b8057567\ProjectsGit\Download\nclgl\Mesh.cpp(159,20): warning C4018:  '<': signed/unsigned mismatch
  nclgl.vcxproj -> C:\Users\b8057567\ProjectsGit\Download\Graphics For Games\Debug\nclgl.lib
